stdio    D         file_stdio.c:107  file_stdio_fopen                 [   0.00000] opening C:\Users\Leon\source\repos\JogoEmAllegro\x64\Debug\allegro5.cfg r
system   D            wsystem.c:836  maybe_parent_dir                 [   0.00000] Also searching C:\Users\Leon\source\repos\JogoEmAllegro\x64\
system   D            wsystem.c:891  _al_win_safe_load_library        [   0.00000] PathFindOnPath found: C:\WINDOWS\system32\shcore.dll
system   D            wsystem.c:797  load_library_at_path             [   0.00000] Calling LoadLibrary C:\WINDOWS\system32\shcore.dll
system   I            wsystem.c:800  load_library_at_path             [   0.00000] Loaded C:\WINDOWS\system32\shcore.dll
system   I             system.c:271  al_install_system                [   0.00000] Allegro version: 5.2.9
system   D            wsystem.c:836  maybe_parent_dir                 [   0.00040] Also searching C:\Users\Leon\source\repos\JogoEmAllegro\x64\
system   D            wsystem.c:891  _al_win_safe_load_library        [   0.00060] PathFindOnPath found: C:\WINDOWS\system32\d3d9.dll
system   D            wsystem.c:797  load_library_at_path             [   0.00065] Calling LoadLibrary C:\WINDOWS\system32\d3d9.dll
system   I            wsystem.c:800  load_library_at_path             [   0.00259] Loaded C:\WINDOWS\system32\d3d9.dll
d3d      I         d3d_disp.cpp:679  d3d_init_display                 [   0.05611] Render-to-texture: 1
d3d      I         d3d_disp.cpp:1780 d3d_create_display_locked        [   0.05718] faux_fullscreen=0
d3d      D         d3d_disp.cpp:1781 d3d_create_display_locked        [   0.05726] al_display=0000022741DD6E90
d3d      D         d3d_disp.cpp:1782 d3d_create_display_locked        [   0.05731] al_display->vt=000002273FDEBDE0
d3d      I d3d_display_formats.cpp:144  _al_d3d_generate_display_format_list [   0.06068] found 160 format combinations
display  D   display_settings.c:214  debug_display_settings           [   0.06075] color: 32 (rgba 8880), depth: 0, stencil: 0, acc: 0000, samples: 0/0
display  D   display_settings.c:529  _al_score_display_settings       [   0.06080] Score is : 897
display  D   display_settings.c:214  debug_display_settings           [   0.06083] color: 32 (rgba 8880), depth: 0, stencil: 0, acc: 0000, samples: 0/0
display  D   display_settings.c:529  _al_score_display_settings       [   0.06087] Score is : 897
display  D   display_settings.c:214  debug_display_settings           [   0.06089] color: 32 (rgba 8880), depth: 0, stencil: 0, acc: 0000, samples: 2/1
display  D   display_settings.c:529  _al_score_display_settings       [   0.06093] Score is : 726
display  D   display_settings.c:214  debug_display_settings           [   0.06096] color: 32 (rgba 8880), depth: 0, stencil: 0, acc: 0000, samples: 3/1
display  D   display_settings.c:529  _al_score_display_settings       [   0.06100] Score is : 721
display  D   display_settings.c:214  debug_display_settings           [   0.06103] color: 32 (rgba 8880), depth: 0, stencil: 0, acc: 0000, samples: 4/1
display  D   display_settings.c:529  _al_score_display_settings       [   0.06106] Score is : 717
display  D   display_settings.c:214  debug_display_settings           [   0.06109] color: 32 (rgba 8880), depth: 24, stencil: 8, acc: 0000, samples: 0/0
display  D   display_settings.c:529  _al_score_display_settings       [   0.06113] Score is : 897
display  D   display_settings.c:214  debug_display_settings           [   0.06115] color: 32 (rgba 8880), depth: 24, stencil: 8, acc: 0000, samples: 0/0
display  D   display_settings.c:529  _al_score_display_settings       [   0.06119] Score is : 897
display  D   display_settings.c:214  debug_display_settings           [   0.06122] color: 32 (rgba 8880), depth: 24, stencil: 8, acc: 0000, samples: 2/1
display  D   display_settings.c:529  _al_score_display_settings       [   0.06125] Score is : 726
display  D   display_settings.c:214  debug_display_settings           [   0.06128] color: 32 (rgba 8880), depth: 24, stencil: 8, acc: 0000, samples: 3/1
display  D   display_settings.c:529  _al_score_display_settings       [   0.06131] Score is : 721
display  D   display_settings.c:214  debug_display_settings           [   0.06140] color: 32 (rgba 8880), depth: 24, stencil: 8, acc: 0000, samples: 4/1
display  D   display_settings.c:529  _al_score_display_settings       [   0.06144] Score is : 717
display  D   display_settings.c:214  debug_display_settings           [   0.06147] color: 32 (rgba 8880), depth: 24, stencil: 0, acc: 0000, samples: 0/0
display  D   display_settings.c:529  _al_score_display_settings       [   0.06151] Score is : 897
display  D   display_settings.c:214  debug_display_settings           [   0.06154] color: 32 (rgba 8880), depth: 24, stencil: 0, acc: 0000, samples: 0/0
display  D   display_settings.c:529  _al_score_display_settings       [   0.06157] Score is : 897
display  D   display_settings.c:214  debug_display_settings           [   0.06160] color: 32 (rgba 8880), depth: 24, stencil: 0, acc: 0000, samples: 2/1
display  D   display_settings.c:529  _al_score_display_settings       [   0.06164] Score is : 726
display  D   display_settings.c:214  debug_display_settings           [   0.06167] color: 32 (rgba 8880), depth: 24, stencil: 0, acc: 0000, samples: 3/1
display  D   display_settings.c:529  _al_score_display_settings       [   0.06170] Score is : 721
display  D   display_settings.c:214  debug_display_settings           [   0.06173] color: 32 (rgba 8880), depth: 24, stencil: 0, acc: 0000, samples: 4/1
display  D   display_settings.c:529  _al_score_display_settings       [   0.06177] Score is : 717
display  D   display_settings.c:214  debug_display_settings           [   0.06180] color: 32 (rgba 8880), depth: 16, stencil: 0, acc: 0000, samples: 0/0
display  D   display_settings.c:529  _al_score_display_settings       [   0.06183] Score is : 897
display  D   display_settings.c:214  debug_display_settings           [   0.06186] color: 32 (rgba 8880), depth: 16, stencil: 0, acc: 0000, samples: 0/0
display  D   display_settings.c:529  _al_score_display_settings       [   0.06189] Score is : 897
display  D   display_settings.c:214  debug_display_settings           [   0.06192] color: 32 (rgba 8880), depth: 16, stencil: 0, acc: 0000, samples: 2/1
display  D   display_settings.c:529  _al_score_display_settings       [   0.06196] Score is : 726
display  D   display_settings.c:214  debug_display_settings           [   0.06198] color: 32 (rgba 8880), depth: 16, stencil: 0, acc: 0000, samples: 3/1
display  D   display_settings.c:529  _al_score_display_settings       [   0.06207] Score is : 721
display  D   display_settings.c:214  debug_display_settings           [   0.06210] color: 32 (rgba 8880), depth: 16, stencil: 0, acc: 0000, samples: 4/1
display  D   display_settings.c:529  _al_score_display_settings       [   0.06213] Score is : 717
display  D   display_settings.c:214  debug_display_settings           [   0.06216] color: 16 (rgba 5650), depth: 0, stencil: 0, acc: 0000, samples: 0/0
display  D   display_settings.c:529  _al_score_display_settings       [   0.06220] Score is : 897
display  D   display_settings.c:214  debug_display_settings           [   0.06223] color: 16 (rgba 5650), depth: 0, stencil: 0, acc: 0000, samples: 0/0
display  D   display_settings.c:529  _al_score_display_settings       [   0.06226] Score is : 897
display  D   display_settings.c:214  debug_display_settings           [   0.06229] color: 16 (rgba 5650), depth: 0, stencil: 0, acc: 0000, samples: 2/1
display  D   display_settings.c:529  _al_score_display_settings       [   0.06232] Score is : 726
display  D   display_settings.c:214  debug_display_settings           [   0.06235] color: 16 (rgba 5650), depth: 0, stencil: 0, acc: 0000, samples: 3/1
display  D   display_settings.c:529  _al_score_display_settings       [   0.06239] Score is : 721
display  D   display_settings.c:214  debug_display_settings           [   0.06241] color: 16 (rgba 5650), depth: 0, stencil: 0, acc: 0000, samples: 4/1
display  D   display_settings.c:529  _al_score_display_settings       [   0.06245] Score is : 717
display  D   display_settings.c:214  debug_display_settings           [   0.06248] color: 16 (rgba 5650), depth: 24, stencil: 8, acc: 0000, samples: 0/0
display  D   display_settings.c:529  _al_score_display_settings       [   0.06252] Score is : 897
display  D   display_settings.c:214  debug_display_settings           [   0.06255] color: 16 (rgba 5650), depth: 24, stencil: 8, acc: 0000, samples: 0/0
display  D   display_settings.c:529  _al_score_display_settings       [   0.06258] Score is : 897
display  D   display_settings.c:214  debug_display_settings           [   0.06261] color: 16 (rgba 5650), depth: 24, stencil: 8, acc: 0000, samples: 2/1
display  D   display_settings.c:529  _al_score_display_settings       [   0.06265] Score is : 726
display  D   display_settings.c:214  debug_display_settings           [   0.06267] color: 16 (rgba 5650), depth: 24, stencil: 8, acc: 0000, samples: 3/1
display  D   display_settings.c:529  _al_score_display_settings       [   0.06271] Score is : 721
display  D   display_settings.c:214  debug_display_settings           [   0.06274] color: 16 (rgba 5650), depth: 24, stencil: 8, acc: 0000, samples: 4/1
display  D   display_settings.c:529  _al_score_display_settings       [   0.06277] Score is : 717
display  D   display_settings.c:214  debug_display_settings           [   0.06280] color: 16 (rgba 5650), depth: 24, stencil: 0, acc: 0000, samples: 0/0
display  D   display_settings.c:529  _al_score_display_settings       [   0.06284] Score is : 897
display  D   display_settings.c:214  debug_display_settings           [   0.06286] color: 16 (rgba 5650), depth: 24, stencil: 0, acc: 0000, samples: 0/0
display  D   display_settings.c:529  _al_score_display_settings       [   0.06290] Score is : 897
display  D   display_settings.c:214  debug_display_settings           [   0.06293] color: 16 (rgba 5650), depth: 24, stencil: 0, acc: 0000, samples: 2/1
display  D   display_settings.c:529  _al_score_display_settings       [   0.06296] Score is : 726
display  D   display_settings.c:214  debug_display_settings           [   0.06299] color: 16 (rgba 5650), depth: 24, stencil: 0, acc: 0000, samples: 3/1
display  D   display_settings.c:529  _al_score_display_settings       [   0.06302] Score is : 721
display  D   display_settings.c:214  debug_display_settings           [   0.06305] color: 16 (rgba 5650), depth: 24, stencil: 0, acc: 0000, samples: 4/1
display  D   display_settings.c:529  _al_score_display_settings       [   0.06309] Score is : 717
display  D   display_settings.c:214  debug_display_settings           [   0.06311] color: 16 (rgba 5650), depth: 16, stencil: 0, acc: 0000, samples: 0/0
display  D   display_settings.c:529  _al_score_display_settings       [   0.06315] Score is : 897
display  D   display_settings.c:214  debug_display_settings           [   0.06318] color: 16 (rgba 5650), depth: 16, stencil: 0, acc: 0000, samples: 0/0
display  D   display_settings.c:529  _al_score_display_settings       [   0.06321] Score is : 897
display  D   display_settings.c:214  debug_display_settings           [   0.06324] color: 16 (rgba 5650), depth: 16, stencil: 0, acc: 0000, samples: 2/1
display  D   display_settings.c:529  _al_score_display_settings       [   0.06327] Score is : 726
display  D   display_settings.c:214  debug_display_settings           [   0.06330] color: 16 (rgba 5650), depth: 16, stencil: 0, acc: 0000, samples: 3/1
display  D   display_settings.c:529  _al_score_display_settings       [   0.06334] Score is : 721
display  D   display_settings.c:214  debug_display_settings           [   0.06337] color: 16 (rgba 5650), depth: 16, stencil: 0, acc: 0000, samples: 4/1
display  D   display_settings.c:529  _al_score_display_settings       [   0.06340] Score is : 717
display  D   display_settings.c:214  debug_display_settings           [   0.06343] color: 32 (rgba 8880), depth: 0, stencil: 0, acc: 0000, samples: 0/0
display  D   display_settings.c:400  _al_score_display_settings       [   0.06346] Single Buffer requirement not met.
display  D   display_settings.c:214  debug_display_settings           [   0.06349] color: 32 (rgba 8880), depth: 0, stencil: 0, acc: 0000, samples: 0/0
display  D   display_settings.c:400  _al_score_display_settings       [   0.06353] Single Buffer requirement not met.
display  D   display_settings.c:214  debug_display_settings           [   0.06357] color: 32 (rgba 8880), depth: 0, stencil: 0, acc: 0000, samples: 2/1
display  D   display_settings.c:400  _al_score_display_settings       [   0.06360] Single Buffer requirement not met.
display  D   display_settings.c:214  debug_display_settings           [   0.06364] color: 32 (rgba 8880), depth: 0, stencil: 0, acc: 0000, samples: 3/1
display  D   display_settings.c:400  _al_score_display_settings       [   0.06369] Single Buffer requirement not met.
display  D   display_settings.c:214  debug_display_settings           [   0.06372] color: 32 (rgba 8880), depth: 0, stencil: 0, acc: 0000, samples: 4/1
display  D   display_settings.c:400  _al_score_display_settings       [   0.06376] Single Buffer requirement not met.
display  D   display_settings.c:214  debug_display_settings           [   0.06379] color: 32 (rgba 8880), depth: 24, stencil: 8, acc: 0000, samples: 0/0
display  D   display_settings.c:400  _al_score_display_settings       [   0.06382] Single Buffer requirement not met.
display  D   display_settings.c:214  debug_display_settings           [   0.06385] color: 32 (rgba 8880), depth: 24, stencil: 8, acc: 0000, samples: 0/0
display  D   display_settings.c:400  _al_score_display_settings       [   0.06389] Single Buffer requirement not met.
display  D   display_settings.c:214  debug_display_settings           [   0.06392] color: 32 (rgba 8880), depth: 24, stencil: 8, acc: 0000, samples: 2/1
display  D   display_settings.c:400  _al_score_display_settings       [   0.06395] Single Buffer requirement not met.
display  D   display_settings.c:214  debug_display_settings           [   0.06398] color: 32 (rgba 8880), depth: 24, stencil: 8, acc: 0000, samples: 3/1
display  D   display_settings.c:400  _al_score_display_settings       [   0.06401] Single Buffer requirement not met.
display  D   display_settings.c:214  debug_display_settings           [   0.06404] color: 32 (rgba 8880), depth: 24, stencil: 8, acc: 0000, samples: 4/1
display  D   display_settings.c:400  _al_score_display_settings       [   0.06408] Single Buffer requirement not met.
display  D   display_settings.c:214  debug_display_settings           [   0.06411] color: 32 (rgba 8880), depth: 24, stencil: 0, acc: 0000, samples: 0/0
display  D   display_settings.c:400  _al_score_display_settings       [   0.06414] Single Buffer requirement not met.
display  D   display_settings.c:214  debug_display_settings           [   0.06417] color: 32 (rgba 8880), depth: 24, stencil: 0, acc: 0000, samples: 0/0
display  D   display_settings.c:400  _al_score_display_settings       [   0.06421] Single Buffer requirement not met.
display  D   display_settings.c:214  debug_display_settings           [   0.06424] color: 32 (rgba 8880), depth: 24, stencil: 0, acc: 0000, samples: 2/1
display  D   display_settings.c:400  _al_score_display_settings       [   0.06427] Single Buffer requirement not met.
display  D   display_settings.c:214  debug_display_settings           [   0.06430] color: 32 (rgba 8880), depth: 24, stencil: 0, acc: 0000, samples: 3/1
display  D   display_settings.c:400  _al_score_display_settings       [   0.06434] Single Buffer requirement not met.
display  D   display_settings.c:214  debug_display_settings           [   0.06437] color: 32 (rgba 8880), depth: 24, stencil: 0, acc: 0000, samples: 4/1
display  D   display_settings.c:400  _al_score_display_settings       [   0.06440] Single Buffer requirement not met.
display  D   display_settings.c:214  debug_display_settings           [   0.06443] color: 32 (rgba 8880), depth: 16, stencil: 0, acc: 0000, samples: 0/0
display  D   display_settings.c:400  _al_score_display_settings       [   0.06447] Single Buffer requirement not met.
display  D   display_settings.c:214  debug_display_settings           [   0.06449] color: 32 (rgba 8880), depth: 16, stencil: 0, acc: 0000, samples: 0/0
display  D   display_settings.c:400  _al_score_display_settings       [   0.06458] Single Buffer requirement not met.
display  D   display_settings.c:214  debug_display_settings           [   0.06462] color: 32 (rgba 8880), depth: 16, stencil: 0, acc: 0000, samples: 2/1
display  D   display_settings.c:400  _al_score_display_settings       [   0.06465] Single Buffer requirement not met.
display  D   display_settings.c:214  debug_display_settings           [   0.06468] color: 32 (rgba 8880), depth: 16, stencil: 0, acc: 0000, samples: 3/1
display  D   display_settings.c:400  _al_score_display_settings       [   0.06472] Single Buffer requirement not met.
display  D   display_settings.c:214  debug_display_settings           [   0.06475] color: 32 (rgba 8880), depth: 16, stencil: 0, acc: 0000, samples: 4/1
display  D   display_settings.c:400  _al_score_display_settings       [   0.06478] Single Buffer requirement not met.
display  D   display_settings.c:214  debug_display_settings           [   0.06481] color: 16 (rgba 5650), depth: 0, stencil: 0, acc: 0000, samples: 0/0
display  D   display_settings.c:400  _al_score_display_settings       [   0.06485] Single Buffer requirement not met.
display  D   display_settings.c:214  debug_display_settings           [   0.06488] color: 16 (rgba 5650), depth: 0, stencil: 0, acc: 0000, samples: 0/0
display  D   display_settings.c:400  _al_score_display_settings       [   0.06491] Single Buffer requirement not met.
display  D   display_settings.c:214  debug_display_settings           [   0.06494] color: 16 (rgba 5650), depth: 0, stencil: 0, acc: 0000, samples: 2/1
display  D   display_settings.c:400  _al_score_display_settings       [   0.06498] Single Buffer requirement not met.
display  D   display_settings.c:214  debug_display_settings           [   0.06500] color: 16 (rgba 5650), depth: 0, stencil: 0, acc: 0000, samples: 3/1
display  D   display_settings.c:400  _al_score_display_settings       [   0.06504] Single Buffer requirement not met.
display  D   display_settings.c:214  debug_display_settings           [   0.06507] color: 16 (rgba 5650), depth: 0, stencil: 0, acc: 0000, samples: 4/1
display  D   display_settings.c:400  _al_score_display_settings       [   0.06510] Single Buffer requirement not met.
display  D   display_settings.c:214  debug_display_settings           [   0.06513] color: 16 (rgba 5650), depth: 24, stencil: 8, acc: 0000, samples: 0/0
display  D   display_settings.c:400  _al_score_display_settings       [   0.06517] Single Buffer requirement not met.
display  D   display_settings.c:214  debug_display_settings           [   0.06520] color: 16 (rgba 5650), depth: 24, stencil: 8, acc: 0000, samples: 0/0
display  D   display_settings.c:400  _al_score_display_settings       [   0.06523] Single Buffer requirement not met.
display  D   display_settings.c:214  debug_display_settings           [   0.06526] color: 16 (rgba 5650), depth: 24, stencil: 8, acc: 0000, samples: 2/1
display  D   display_settings.c:400  _al_score_display_settings       [   0.06529] Single Buffer requirement not met.
display  D   display_settings.c:214  debug_display_settings           [   0.06532] color: 16 (rgba 5650), depth: 24, stencil: 8, acc: 0000, samples: 3/1
display  D   display_settings.c:400  _al_score_display_settings       [   0.06536] Single Buffer requirement not met.
display  D   display_settings.c:214  debug_display_settings           [   0.06539] color: 16 (rgba 5650), depth: 24, stencil: 8, acc: 0000, samples: 4/1
display  D   display_settings.c:400  _al_score_display_settings       [   0.06542] Single Buffer requirement not met.
display  D   display_settings.c:214  debug_display_settings           [   0.06545] color: 16 (rgba 5650), depth: 24, stencil: 0, acc: 0000, samples: 0/0
display  D   display_settings.c:400  _al_score_display_settings       [   0.06549] Single Buffer requirement not met.
display  D   display_settings.c:214  debug_display_settings           [   0.06552] color: 16 (rgba 5650), depth: 24, stencil: 0, acc: 0000, samples: 0/0
display  D   display_settings.c:400  _al_score_display_settings       [   0.06559] Single Buffer requirement not met.
display  D   display_settings.c:214  debug_display_settings           [   0.06563] color: 16 (rgba 5650), depth: 24, stencil: 0, acc: 0000, samples: 2/1
display  D   display_settings.c:400  _al_score_display_settings       [   0.06567] Single Buffer requirement not met.
display  D   display_settings.c:214  debug_display_settings           [   0.06570] color: 16 (rgba 5650), depth: 24, stencil: 0, acc: 0000, samples: 3/1
display  D   display_settings.c:400  _al_score_display_settings       [   0.06573] Single Buffer requirement not met.
display  D   display_settings.c:214  debug_display_settings           [   0.06576] color: 16 (rgba 5650), depth: 24, stencil: 0, acc: 0000, samples: 4/1
display  D   display_settings.c:400  _al_score_display_settings       [   0.06580] Single Buffer requirement not met.
display  D   display_settings.c:214  debug_display_settings           [   0.06583] color: 16 (rgba 5650), depth: 16, stencil: 0, acc: 0000, samples: 0/0
display  D   display_settings.c:400  _al_score_display_settings       [   0.06586] Single Buffer requirement not met.
display  D   display_settings.c:214  debug_display_settings           [   0.06589] color: 16 (rgba 5650), depth: 16, stencil: 0, acc: 0000, samples: 0/0
display  D   display_settings.c:400  _al_score_display_settings       [   0.06593] Single Buffer requirement not met.
display  D   display_settings.c:214  debug_display_settings           [   0.06595] color: 16 (rgba 5650), depth: 16, stencil: 0, acc: 0000, samples: 2/1
display  D   display_settings.c:400  _al_score_display_settings       [   0.06599] Single Buffer requirement not met.
display  D   display_settings.c:214  debug_display_settings           [   0.06602] color: 16 (rgba 5650), depth: 16, stencil: 0, acc: 0000, samples: 3/1
display  D   display_settings.c:400  _al_score_display_settings       [   0.06605] Single Buffer requirement not met.
display  D   display_settings.c:214  debug_display_settings           [   0.06608] color: 16 (rgba 5650), depth: 16, stencil: 0, acc: 0000, samples: 4/1
display  D   display_settings.c:400  _al_score_display_settings       [   0.06612] Single Buffer requirement not met.
display  D   display_settings.c:214  debug_display_settings           [   0.06615] color: 32 (rgba 8880), depth: 0, stencil: 0, acc: 0000, samples: 0/0
display  D   display_settings.c:529  _al_score_display_settings       [   0.06618] Score is : 769
display  D   display_settings.c:214  debug_display_settings           [   0.06621] color: 32 (rgba 8880), depth: 0, stencil: 0, acc: 0000, samples: 0/0
display  D   display_settings.c:529  _al_score_display_settings       [   0.06625] Score is : 769
display  D   display_settings.c:214  debug_display_settings           [   0.06627] color: 32 (rgba 8880), depth: 0, stencil: 0, acc: 0000, samples: 2/1
display  D   display_settings.c:529  _al_score_display_settings       [   0.06631] Score is : 598
display  D   display_settings.c:214  debug_display_settings           [   0.06634] color: 32 (rgba 8880), depth: 0, stencil: 0, acc: 0000, samples: 3/1
display  D   display_settings.c:529  _al_score_display_settings       [   0.06637] Score is : 593
display  D   display_settings.c:214  debug_display_settings           [   0.06640] color: 32 (rgba 8880), depth: 0, stencil: 0, acc: 0000, samples: 4/1
display  D   display_settings.c:529  _al_score_display_settings       [   0.06643] Score is : 589
display  D   display_settings.c:214  debug_display_settings           [   0.06646] color: 32 (rgba 8880), depth: 24, stencil: 8, acc: 0000, samples: 0/0
display  D   display_settings.c:529  _al_score_display_settings       [   0.06650] Score is : 769
display  D   display_settings.c:214  debug_display_settings           [   0.06652] color: 32 (rgba 8880), depth: 24, stencil: 8, acc: 0000, samples: 0/0
display  D   display_settings.c:529  _al_score_display_settings       [   0.06663] Score is : 769
display  D   display_settings.c:214  debug_display_settings           [   0.06666] color: 32 (rgba 8880), depth: 24, stencil: 8, acc: 0000, samples: 2/1
display  D   display_settings.c:529  _al_score_display_settings       [   0.06670] Score is : 598
display  D   display_settings.c:214  debug_display_settings           [   0.06673] color: 32 (rgba 8880), depth: 24, stencil: 8, acc: 0000, samples: 3/1
display  D   display_settings.c:529  _al_score_display_settings       [   0.06676] Score is : 593
display  D   display_settings.c:214  debug_display_settings           [   0.06679] color: 32 (rgba 8880), depth: 24, stencil: 8, acc: 0000, samples: 4/1
display  D   display_settings.c:529  _al_score_display_settings       [   0.06683] Score is : 589
display  D   display_settings.c:214  debug_display_settings           [   0.06685] color: 32 (rgba 8880), depth: 24, stencil: 0, acc: 0000, samples: 0/0
display  D   display_settings.c:529  _al_score_display_settings       [   0.06689] Score is : 769
display  D   display_settings.c:214  debug_display_settings           [   0.06692] color: 32 (rgba 8880), depth: 24, stencil: 0, acc: 0000, samples: 0/0
display  D   display_settings.c:529  _al_score_display_settings       [   0.06695] Score is : 769
display  D   display_settings.c:214  debug_display_settings           [   0.06698] color: 32 (rgba 8880), depth: 24, stencil: 0, acc: 0000, samples: 2/1
display  D   display_settings.c:529  _al_score_display_settings       [   0.06701] Score is : 598
display  D   display_settings.c:214  debug_display_settings           [   0.06704] color: 32 (rgba 8880), depth: 24, stencil: 0, acc: 0000, samples: 3/1
display  D   display_settings.c:529  _al_score_display_settings       [   0.06708] Score is : 593
display  D   display_settings.c:214  debug_display_settings           [   0.06711] color: 32 (rgba 8880), depth: 24, stencil: 0, acc: 0000, samples: 4/1
display  D   display_settings.c:529  _al_score_display_settings       [   0.06714] Score is : 589
display  D   display_settings.c:214  debug_display_settings           [   0.06717] color: 32 (rgba 8880), depth: 16, stencil: 0, acc: 0000, samples: 0/0
display  D   display_settings.c:529  _al_score_display_settings       [   0.06720] Score is : 769
display  D   display_settings.c:214  debug_display_settings           [   0.06723] color: 32 (rgba 8880), depth: 16, stencil: 0, acc: 0000, samples: 0/0
display  D   display_settings.c:529  _al_score_display_settings       [   0.06727] Score is : 769
display  D   display_settings.c:214  debug_display_settings           [   0.06729] color: 32 (rgba 8880), depth: 16, stencil: 0, acc: 0000, samples: 2/1
display  D   display_settings.c:529  _al_score_display_settings       [   0.06733] Score is : 598
display  D   display_settings.c:214  debug_display_settings           [   0.06736] color: 32 (rgba 8880), depth: 16, stencil: 0, acc: 0000, samples: 3/1
display  D   display_settings.c:529  _al_score_display_settings       [   0.06739] Score is : 593
display  D   display_settings.c:214  debug_display_settings           [   0.06742] color: 32 (rgba 8880), depth: 16, stencil: 0, acc: 0000, samples: 4/1
display  D   display_settings.c:529  _al_score_display_settings       [   0.06745] Score is : 589
display  D   display_settings.c:214  debug_display_settings           [   0.06748] color: 16 (rgba 5650), depth: 0, stencil: 0, acc: 0000, samples: 0/0
display  D   display_settings.c:529  _al_score_display_settings       [   0.06752] Score is : 769
display  D   display_settings.c:214  debug_display_settings           [   0.06754] color: 16 (rgba 5650), depth: 0, stencil: 0, acc: 0000, samples: 0/0
display  D   display_settings.c:529  _al_score_display_settings       [   0.06758] Score is : 769
display  D   display_settings.c:214  debug_display_settings           [   0.06761] color: 16 (rgba 5650), depth: 0, stencil: 0, acc: 0000, samples: 2/1
display  D   display_settings.c:529  _al_score_display_settings       [   0.06765] Score is : 598
display  D   display_settings.c:214  debug_display_settings           [   0.06768] color: 16 (rgba 5650), depth: 0, stencil: 0, acc: 0000, samples: 3/1
display  D   display_settings.c:529  _al_score_display_settings       [   0.06771] Score is : 593
display  D   display_settings.c:214  debug_display_settings           [   0.06774] color: 16 (rgba 5650), depth: 0, stencil: 0, acc: 0000, samples: 4/1
display  D   display_settings.c:529  _al_score_display_settings       [   0.06778] Score is : 589
display  D   display_settings.c:214  debug_display_settings           [   0.06781] color: 16 (rgba 5650), depth: 24, stencil: 8, acc: 0000, samples: 0/0
display  D   display_settings.c:529  _al_score_display_settings       [   0.06784] Score is : 769
display  D   display_settings.c:214  debug_display_settings           [   0.06787] color: 16 (rgba 5650), depth: 24, stencil: 8, acc: 0000, samples: 0/0
display  D   display_settings.c:529  _al_score_display_settings       [   0.06790] Score is : 769
display  D   display_settings.c:214  debug_display_settings           [   0.06793] color: 16 (rgba 5650), depth: 24, stencil: 8, acc: 0000, samples: 2/1
display  D   display_settings.c:529  _al_score_display_settings       [   0.06797] Score is : 598
display  D   display_settings.c:214  debug_display_settings           [   0.06799] color: 16 (rgba 5650), depth: 24, stencil: 8, acc: 0000, samples: 3/1
display  D   display_settings.c:529  _al_score_display_settings       [   0.06803] Score is : 593
display  D   display_settings.c:214  debug_display_settings           [   0.06806] color: 16 (rgba 5650), depth: 24, stencil: 8, acc: 0000, samples: 4/1
display  D   display_settings.c:529  _al_score_display_settings       [   0.06809] Score is : 589
display  D   display_settings.c:214  debug_display_settings           [   0.06812] color: 16 (rgba 5650), depth: 24, stencil: 0, acc: 0000, samples: 0/0
display  D   display_settings.c:529  _al_score_display_settings       [   0.06816] Score is : 769
display  D   display_settings.c:214  debug_display_settings           [   0.06818] color: 16 (rgba 5650), depth: 24, stencil: 0, acc: 0000, samples: 0/0
display  D   display_settings.c:529  _al_score_display_settings       [   0.06822] Score is : 769
display  D   display_settings.c:214  debug_display_settings           [   0.06825] color: 16 (rgba 5650), depth: 24, stencil: 0, acc: 0000, samples: 2/1
display  D   display_settings.c:529  _al_score_display_settings       [   0.06828] Score is : 598
display  D   display_settings.c:214  debug_display_settings           [   0.06831] color: 16 (rgba 5650), depth: 24, stencil: 0, acc: 0000, samples: 3/1
display  D   display_settings.c:529  _al_score_display_settings       [   0.06834] Score is : 593
display  D   display_settings.c:214  debug_display_settings           [   0.06837] color: 16 (rgba 5650), depth: 24, stencil: 0, acc: 0000, samples: 4/1
display  D   display_settings.c:529  _al_score_display_settings       [   0.06841] Score is : 589
display  D   display_settings.c:214  debug_display_settings           [   0.06843] color: 16 (rgba 5650), depth: 16, stencil: 0, acc: 0000, samples: 0/0
display  D   display_settings.c:529  _al_score_display_settings       [   0.06847] Score is : 769
display  D   display_settings.c:214  debug_display_settings           [   0.06850] color: 16 (rgba 5650), depth: 16, stencil: 0, acc: 0000, samples: 0/0
display  D   display_settings.c:529  _al_score_display_settings       [   0.06853] Score is : 769
display  D   display_settings.c:214  debug_display_settings           [   0.06856] color: 16 (rgba 5650), depth: 16, stencil: 0, acc: 0000, samples: 2/1
display  D   display_settings.c:529  _al_score_display_settings       [   0.06859] Score is : 598
display  D   display_settings.c:214  debug_display_settings           [   0.06862] color: 16 (rgba 5650), depth: 16, stencil: 0, acc: 0000, samples: 3/1
display  D   display_settings.c:529  _al_score_display_settings       [   0.06867] Score is : 593
display  D   display_settings.c:214  debug_display_settings           [   0.06870] color: 16 (rgba 5650), depth: 16, stencil: 0, acc: 0000, samples: 4/1
display  D   display_settings.c:529  _al_score_display_settings       [   0.06874] Score is : 589
display  D   display_settings.c:214  debug_display_settings           [   0.06877] color: 32 (rgba 8880), depth: 0, stencil: 0, acc: 0000, samples: 0/0
display  D   display_settings.c:400  _al_score_display_settings       [   0.06880] Single Buffer requirement not met.
display  D   display_settings.c:214  debug_display_settings           [   0.06883] color: 32 (rgba 8880), depth: 0, stencil: 0, acc: 0000, samples: 0/0
display  D   display_settings.c:400  _al_score_display_settings       [   0.06886] Single Buffer requirement not met.
display  D   display_settings.c:214  debug_display_settings           [   0.06889] color: 32 (rgba 8880), depth: 0, stencil: 0, acc: 0000, samples: 2/1
display  D   display_settings.c:400  _al_score_display_settings       [   0.06893] Single Buffer requirement not met.
display  D   display_settings.c:214  debug_display_settings           [   0.06896] color: 32 (rgba 8880), depth: 0, stencil: 0, acc: 0000, samples: 3/1
display  D   display_settings.c:400  _al_score_display_settings       [   0.06899] Single Buffer requirement not met.
display  D   display_settings.c:214  debug_display_settings           [   0.06902] color: 32 (rgba 8880), depth: 0, stencil: 0, acc: 0000, samples: 4/1
display  D   display_settings.c:400  _al_score_display_settings       [   0.06906] Single Buffer requirement not met.
display  D   display_settings.c:214  debug_display_settings           [   0.06909] color: 32 (rgba 8880), depth: 24, stencil: 8, acc: 0000, samples: 0/0
display  D   display_settings.c:400  _al_score_display_settings       [   0.06912] Single Buffer requirement not met.
display  D   display_settings.c:214  debug_display_settings           [   0.06915] color: 32 (rgba 8880), depth: 24, stencil: 8, acc: 0000, samples: 0/0
display  D   display_settings.c:400  _al_score_display_settings       [   0.06918] Single Buffer requirement not met.
display  D   display_settings.c:214  debug_display_settings           [   0.06921] color: 32 (rgba 8880), depth: 24, stencil: 8, acc: 0000, samples: 2/1
display  D   display_settings.c:400  _al_score_display_settings       [   0.06925] Single Buffer requirement not met.
display  D   display_settings.c:214  debug_display_settings           [   0.06928] color: 32 (rgba 8880), depth: 24, stencil: 8, acc: 0000, samples: 3/1
display  D   display_settings.c:400  _al_score_display_settings       [   0.06931] Single Buffer requirement not met.
display  D   display_settings.c:214  debug_display_settings           [   0.06934] color: 32 (rgba 8880), depth: 24, stencil: 8, acc: 0000, samples: 4/1
display  D   display_settings.c:400  _al_score_display_settings       [   0.06938] Single Buffer requirement not met.
display  D   display_settings.c:214  debug_display_settings           [   0.06941] color: 32 (rgba 8880), depth: 24, stencil: 0, acc: 0000, samples: 0/0
display  D   display_settings.c:400  _al_score_display_settings       [   0.06944] Single Buffer requirement not met.
display  D   display_settings.c:214  debug_display_settings           [   0.06947] color: 32 (rgba 8880), depth: 24, stencil: 0, acc: 0000, samples: 0/0
display  D   display_settings.c:400  _al_score_display_settings       [   0.06951] Single Buffer requirement not met.
display  D   display_settings.c:214  debug_display_settings           [   0.06954] color: 32 (rgba 8880), depth: 24, stencil: 0, acc: 0000, samples: 2/1
display  D   display_settings.c:400  _al_score_display_settings       [   0.06957] Single Buffer requirement not met.
display  D   display_settings.c:214  debug_display_settings           [   0.06960] color: 32 (rgba 8880), depth: 24, stencil: 0, acc: 0000, samples: 3/1
display  D   display_settings.c:400  _al_score_display_settings       [   0.06964] Single Buffer requirement not met.
display  D   display_settings.c:214  debug_display_settings           [   0.06967] color: 32 (rgba 8880), depth: 24, stencil: 0, acc: 0000, samples: 4/1
display  D   display_settings.c:400  _al_score_display_settings       [   0.06971] Single Buffer requirement not met.
display  D   display_settings.c:214  debug_display_settings           [   0.06974] color: 32 (rgba 8880), depth: 16, stencil: 0, acc: 0000, samples: 0/0
display  D   display_settings.c:400  _al_score_display_settings       [   0.06977] Single Buffer requirement not met.
display  D   display_settings.c:214  debug_display_settings           [   0.06980] color: 32 (rgba 8880), depth: 16, stencil: 0, acc: 0000, samples: 0/0
display  D   display_settings.c:400  _al_score_display_settings       [   0.06984] Single Buffer requirement not met.
display  D   display_settings.c:214  debug_display_settings           [   0.06987] color: 32 (rgba 8880), depth: 16, stencil: 0, acc: 0000, samples: 2/1
display  D   display_settings.c:400  _al_score_display_settings       [   0.06990] Single Buffer requirement not met.
display  D   display_settings.c:214  debug_display_settings           [   0.06993] color: 32 (rgba 8880), depth: 16, stencil: 0, acc: 0000, samples: 3/1
display  D   display_settings.c:400  _al_score_display_settings       [   0.06997] Single Buffer requirement not met.
display  D   display_settings.c:214  debug_display_settings           [   0.07000] color: 32 (rgba 8880), depth: 16, stencil: 0, acc: 0000, samples: 4/1
display  D   display_settings.c:400  _al_score_display_settings       [   0.07003] Single Buffer requirement not met.
display  D   display_settings.c:214  debug_display_settings           [   0.07006] color: 16 (rgba 5650), depth: 0, stencil: 0, acc: 0000, samples: 0/0
display  D   display_settings.c:400  _al_score_display_settings       [   0.07010] Single Buffer requirement not met.
display  D   display_settings.c:214  debug_display_settings           [   0.07013] color: 16 (rgba 5650), depth: 0, stencil: 0, acc: 0000, samples: 0/0
display  D   display_settings.c:400  _al_score_display_settings       [   0.07016] Single Buffer requirement not met.
display  D   display_settings.c:214  debug_display_settings           [   0.07019] color: 16 (rgba 5650), depth: 0, stencil: 0, acc: 0000, samples: 2/1
display  D   display_settings.c:400  _al_score_display_settings       [   0.07022] Single Buffer requirement not met.
display  D   display_settings.c:214  debug_display_settings           [   0.07025] color: 16 (rgba 5650), depth: 0, stencil: 0, acc: 0000, samples: 3/1
display  D   display_settings.c:400  _al_score_display_settings       [   0.07029] Single Buffer requirement not met.
display  D   display_settings.c:214  debug_display_settings           [   0.07032] color: 16 (rgba 5650), depth: 0, stencil: 0, acc: 0000, samples: 4/1
display  D   display_settings.c:400  _al_score_display_settings       [   0.07035] Single Buffer requirement not met.
display  D   display_settings.c:214  debug_display_settings           [   0.07038] color: 16 (rgba 5650), depth: 24, stencil: 8, acc: 0000, samples: 0/0
display  D   display_settings.c:400  _al_score_display_settings       [   0.07042] Single Buffer requirement not met.
display  D   display_settings.c:214  debug_display_settings           [   0.07045] color: 16 (rgba 5650), depth: 24, stencil: 8, acc: 0000, samples: 0/0
display  D   display_settings.c:400  _al_score_display_settings       [   0.07048] Single Buffer requirement not met.
display  D   display_settings.c:214  debug_display_settings           [   0.07051] color: 16 (rgba 5650), depth: 24, stencil: 8, acc: 0000, samples: 2/1
display  D   display_settings.c:400  _al_score_display_settings       [   0.07055] Single Buffer requirement not met.
display  D   display_settings.c:214  debug_display_settings           [   0.07058] color: 16 (rgba 5650), depth: 24, stencil: 8, acc: 0000, samples: 3/1
display  D   display_settings.c:400  _al_score_display_settings       [   0.07061] Single Buffer requirement not met.
display  D   display_settings.c:214  debug_display_settings           [   0.07064] color: 16 (rgba 5650), depth: 24, stencil: 8, acc: 0000, samples: 4/1
display  D   display_settings.c:400  _al_score_display_settings       [   0.07068] Single Buffer requirement not met.
display  D   display_settings.c:214  debug_display_settings           [   0.07071] color: 16 (rgba 5650), depth: 24, stencil: 0, acc: 0000, samples: 0/0
display  D   display_settings.c:400  _al_score_display_settings       [   0.07075] Single Buffer requirement not met.
display  D   display_settings.c:214  debug_display_settings           [   0.07078] color: 16 (rgba 5650), depth: 24, stencil: 0, acc: 0000, samples: 0/0
display  D   display_settings.c:400  _al_score_display_settings       [   0.07081] Single Buffer requirement not met.
display  D   display_settings.c:214  debug_display_settings           [   0.07084] color: 16 (rgba 5650), depth: 24, stencil: 0, acc: 0000, samples: 2/1
display  D   display_settings.c:400  _al_score_display_settings       [   0.07088] Single Buffer requirement not met.
display  D   display_settings.c:214  debug_display_settings           [   0.07091] color: 16 (rgba 5650), depth: 24, stencil: 0, acc: 0000, samples: 3/1
display  D   display_settings.c:400  _al_score_display_settings       [   0.07094] Single Buffer requirement not met.
display  D   display_settings.c:214  debug_display_settings           [   0.07097] color: 16 (rgba 5650), depth: 24, stencil: 0, acc: 0000, samples: 4/1
display  D   display_settings.c:400  _al_score_display_settings       [   0.07101] Single Buffer requirement not met.
display  D   display_settings.c:214  debug_display_settings           [   0.07104] color: 16 (rgba 5650), depth: 16, stencil: 0, acc: 0000, samples: 0/0
display  D   display_settings.c:400  _al_score_display_settings       [   0.07107] Single Buffer requirement not met.
display  D   display_settings.c:214  debug_display_settings           [   0.07110] color: 16 (rgba 5650), depth: 16, stencil: 0, acc: 0000, samples: 0/0
display  D   display_settings.c:400  _al_score_display_settings       [   0.07113] Single Buffer requirement not met.
display  D   display_settings.c:214  debug_display_settings           [   0.07116] color: 16 (rgba 5650), depth: 16, stencil: 0, acc: 0000, samples: 2/1
display  D   display_settings.c:400  _al_score_display_settings       [   0.07120] Single Buffer requirement not met.
display  D   display_settings.c:214  debug_display_settings           [   0.07123] color: 16 (rgba 5650), depth: 16, stencil: 0, acc: 0000, samples: 3/1
display  D   display_settings.c:400  _al_score_display_settings       [   0.07126] Single Buffer requirement not met.
display  D   display_settings.c:214  debug_display_settings           [   0.07129] color: 16 (rgba 5650), depth: 16, stencil: 0, acc: 0000, samples: 4/1
display  D   display_settings.c:400  _al_score_display_settings       [   0.07133] Single Buffer requirement not met.
d3d      D         d3d_disp.cpp:1677 d3d_create_display_internals     [   0.07140] Trying format 0.
d3d      I         d3d_disp.cpp:1353 d3d_display_thread_proc          [   0.07171] Chose a display format: 23
d3d      I         d3d_disp.cpp:1422 d3d_display_thread_proc          [   0.07180] Normal window.
d3d      I         d3d_disp.cpp:786  d3d_create_device                [   0.10112] Using no depth stencil buffer
d3d      D         d3d_disp.cpp:848  d3d_create_device                [   0.17224] BeginScene succeeded in create_device
d3d      D         d3d_disp.cpp:856  d3d_create_device                [   0.17233] Success
d3d      D         d3d_disp.cpp:1703 d3d_create_display_internals     [   0.17238] Resumed after wait.
d3d      I         d3d_disp.cpp:1736 d3d_create_display_internals     [   0.17246] Format 0 succeeded.
d3d      D         d3d_disp.cpp:1767 d3d_create_display_internals     [   0.17251] Returning d3d_display: 0000022741DD6E90
d3d      D         d3d_disp.cpp:1792 d3d_create_display_locked        [   0.17255] al_display=0000022741DD6E90
d3d      D         d3d_disp.cpp:1793 d3d_create_display_locked        [   0.17258] al_display->vt=000002273FDEBDE0
system   D            wsystem.c:836  maybe_parent_dir                 [   0.17279] Also searching C:\Users\Leon\source\repos\JogoEmAllegro\x64\
system   D            wsystem.c:891  _al_win_safe_load_library        [   0.17301] PathFindOnPath found: C:\WINDOWS\system32\d3dx9_43.dll
system   D            wsystem.c:797  load_library_at_path             [   0.17305] Calling LoadLibrary C:\WINDOWS\system32\d3dx9_43.dll
system   I            wsystem.c:800  load_library_at_path             [   0.17353] Loaded C:\WINDOWS\system32\d3dx9_43.dll
d3dx9    I        d3d_d3dx9.cpp:88   _imp_load_d3dx9_module_version   [   0.17359] Module "d3dx9_43.dll" loaded.
dtor     D               dtor.c:196  _al_register_destructor          [   0.17367] added dtor for timer 0000022741E39860, func 00007FFE028B1050
dtor     D               dtor.c:196  _al_register_destructor          [   0.17373] added dtor for queue 0000022741F86550, func 00007FFE028B1C49
stdio    D         file_stdio.c:107  file_stdio_fopen                 [   0.17377] opening C:/Users/Leon/source/repos/JogoEmAllegro/JogoEmAllegro/BG.jpg rb
stdio    D         file_stdio.c:107  file_stdio_fopen                 [   0.17395] opening C:/Users/Leon/source/repos/JogoEmAllegro/JogoEmAllegro/BG.jpg rb
d3d      D         d3d_disp.cpp:1197 real_choose_bitmap_format        [   0.17414] Fake format
d3d      D         d3d_disp.cpp:1197 real_choose_bitmap_format        [   0.17418] Fake format
d3d      D         d3d_disp.cpp:1197 real_choose_bitmap_format        [   0.17421] Fake format
d3d      D         d3d_disp.cpp:1197 real_choose_bitmap_format        [   0.17424] Fake format
d3d      D         d3d_disp.cpp:1197 real_choose_bitmap_format        [   0.17426] Fake format
d3d      D         d3d_disp.cpp:1197 real_choose_bitmap_format        [   0.17429] Fake format
d3d      D         d3d_disp.cpp:1197 real_choose_bitmap_format        [   0.17432] Fake format
d3d      D         d3d_disp.cpp:1197 real_choose_bitmap_format        [   0.17435] Fake format
d3d      D         d3d_disp.cpp:1197 real_choose_bitmap_format        [   0.17437] Fake format
d3d      D         d3d_disp.cpp:1205 real_choose_bitmap_format        [   0.17440] Alpha doesn't match
d3d      D         d3d_disp.cpp:1212 real_choose_bitmap_format        [   0.17443] Adapter format is 23
d3d      D         d3d_disp.cpp:1215 real_choose_bitmap_format        [   0.17446] Found a format
d3d      I         d3d_disp.cpp:2386 d3d_create_bitmap                [   0.17449] Chose bitmap format 9
dtor     D               dtor.c:196  _al_register_destructor          [   0.17580] added dtor for bitmap 0000022741F84860, func 00007FFE028B118B
stdio    D         file_stdio.c:107  file_stdio_fopen                 [   0.18228] opening C:/Users/Leon/source/repos/JogoEmAllegro/JogoEmAllegro/Walking.png rb
stdio    D         file_stdio.c:107  file_stdio_fopen                 [   0.18249] opening C:/Users/Leon/source/repos/JogoEmAllegro/JogoEmAllegro/Walking.png rb
d3d      D         d3d_disp.cpp:1197 real_choose_bitmap_format        [   0.18266] Fake format
d3d      D         d3d_disp.cpp:1197 real_choose_bitmap_format        [   0.18270] Fake format
d3d      D         d3d_disp.cpp:1197 real_choose_bitmap_format        [   0.18273] Fake format
d3d      D         d3d_disp.cpp:1197 real_choose_bitmap_format        [   0.18276] Fake format
d3d      D         d3d_disp.cpp:1197 real_choose_bitmap_format        [   0.18278] Fake format
d3d      D         d3d_disp.cpp:1197 real_choose_bitmap_format        [   0.18281] Fake format
d3d      D         d3d_disp.cpp:1197 real_choose_bitmap_format        [   0.18284] Fake format
d3d      D         d3d_disp.cpp:1197 real_choose_bitmap_format        [   0.18286] Fake format
d3d      D         d3d_disp.cpp:1197 real_choose_bitmap_format        [   0.18289] Fake format
d3d      D         d3d_disp.cpp:1205 real_choose_bitmap_format        [   0.18292] Alpha doesn't match
d3d      D         d3d_disp.cpp:1212 real_choose_bitmap_format        [   0.18295] Adapter format is 23
d3d      D         d3d_disp.cpp:1215 real_choose_bitmap_format        [   0.18299] Found a format
d3d      I         d3d_disp.cpp:2386 d3d_create_bitmap                [   0.18302] Chose bitmap format 9
dtor     D               dtor.c:196  _al_register_destructor          [   0.18539] added dtor for bitmap 0000022741E56E30, func 00007FFE028B118B
d3d      D          d3d_bmp.cpp:539  _al_d3d_sync_bitmap              [   0.22530] _al_d3d_sync_bitmap (system) ref count == 1
d3d      D          d3d_bmp.cpp:545  _al_d3d_sync_bitmap              [   0.22538] _al_d3d_sync_bitmap (video) ref count == 1
d3d      D          d3d_bmp.cpp:539  _al_d3d_sync_bitmap              [   0.22682] _al_d3d_sync_bitmap (system) ref count == 1
d3d      D          d3d_bmp.cpp:545  _al_d3d_sync_bitmap              [   0.22692] _al_d3d_sync_bitmap (video) ref count == 1
dtor     D               dtor.c:227  _al_unregister_destructor        [  31.36789] removed dtor for bitmap 0000022741E56E30
dtor     D               dtor.c:227  _al_unregister_destructor        [  31.36801] removed dtor for bitmap 0000022741F84860
d3d      I         d3d_disp.cpp:910  d3d_destroy_display              [  31.36828] destroying display 0000022741DD6E90 (current 0000000000000000)
d3d      D         d3d_disp.cpp:894  d3d_destroy_display_internals    [  31.37091] waiting for display 0000022741DD6E90's thread to end
d3d      W         d3d_disp.cpp:603  d3d_destroy_device               [  31.38071] d3d_destroy_device: ref count not 0
d3d      I         d3d_disp.cpp:1557 d3d_display_thread_proc          [  31.39251] d3d display thread exits
dtor     D               dtor.c:227  _al_unregister_destructor        [  31.39374] removed dtor for timer 0000022741E39860
dtor     D               dtor.c:227  _al_unregister_destructor        [  31.39386] removed dtor for queue 0000022741F86550
